  3ds.cpp
D:\homework\vrlab\opengllab\math.h(20,2): error C2011: “CVertex”:“class”类型重定义
D:\homework\vrlab\opengllab\math.h(19): message : 参见“CVertex”的声明
D:\homework\vrlab\opengllab\math.h(43,2): error C2011: “CMatrix44”:“class”类型重定义
D:\homework\vrlab\opengllab\math.h(42): message : 参见“CMatrix44”的声明
C:\Program Files (x86)\Microsoft Visual Studio\2019\Community\VC\Tools\MSVC\14.23.28105\include\cstdlib(20,18): error C2039: “fabs”: 不是“`global namespace'”的成员
C:\Program Files (x86)\Microsoft Visual Studio\2019\Community\VC\Tools\MSVC\14.23.28105\include\cstdlib(20,22): error C3861: “fabs”: 找不到标识符
C:\Program Files (x86)\Microsoft Visual Studio\2019\Community\VC\Tools\MSVC\14.23.28105\include\cstdlib(24,18): error C2039: “fabsf”: 不是“`global namespace'”的成员
C:\Program Files (x86)\Microsoft Visual Studio\2019\Community\VC\Tools\MSVC\14.23.28105\include\cstdlib(24,23): error C3861: “fabsf”: 找不到标识符
C:\Program Files (x86)\Microsoft Visual Studio\2019\Community\VC\Tools\MSVC\14.23.28105\include\cstdlib(28,18): error C2039: “fabsl”: 不是“`global namespace'”的成员
C:\Program Files (x86)\Microsoft Visual Studio\2019\Community\VC\Tools\MSVC\14.23.28105\include\cstdlib(28,23): error C3861: “fabsl”: 找不到标识符
D:\homework\vrlab\opengllab\vector.h(9,18): error C3861: “sqrt”: 找不到标识符
C:\Program Files (x86)\Microsoft Visual Studio\2019\Community\VC\Tools\MSVC\14.23.28105\include\cmath(26,18): error C2039: “acosf”: 不是“`global namespace'”的成员
C:\Program Files (x86)\Microsoft Visual Studio\2019\Community\VC\Tools\MSVC\14.23.28105\include\cmath(26,23): error C3861: “acosf”: 找不到标识符
C:\Program Files (x86)\Microsoft Visual Studio\2019\Community\VC\Tools\MSVC\14.23.28105\include\cmath(30,18): error C2039: “acoshf”: 不是“`global namespace'”的成员
C:\Program Files (x86)\Microsoft Visual Studio\2019\Community\VC\Tools\MSVC\14.23.28105\include\cmath(30,24): error C3861: “acoshf”: 找不到标识符
C:\Program Files (x86)\Microsoft Visual Studio\2019\Community\VC\Tools\MSVC\14.23.28105\include\cmath(34,18): error C2039: “asinf”: 不是“`global namespace'”的成员
C:\Program Files (x86)\Microsoft Visual Studio\2019\Community\VC\Tools\MSVC\14.23.28105\include\cmath(34,23): error C3861: “asinf”: 找不到标识符
C:\Program Files (x86)\Microsoft Visual Studio\2019\Community\VC\Tools\MSVC\14.23.28105\include\cmath(38,18): error C2039: “asinhf”: 不是“`global namespace'”的成员
C:\Program Files (x86)\Microsoft Visual Studio\2019\Community\VC\Tools\MSVC\14.23.28105\include\cmath(38,24): error C3861: “asinhf”: 找不到标识符
C:\Program Files (x86)\Microsoft Visual Studio\2019\Community\VC\Tools\MSVC\14.23.28105\include\cmath(42,18): error C2039: “atanf”: 不是“`global namespace'”的成员
C:\Program Files (x86)\Microsoft Visual Studio\2019\Community\VC\Tools\MSVC\14.23.28105\include\cmath(42,23): error C3861: “atanf”: 找不到标识符
C:\Program Files (x86)\Microsoft Visual Studio\2019\Community\VC\Tools\MSVC\14.23.28105\include\cmath(46,18): error C2039: “atanhf”: 不是“`global namespace'”的成员
C:\Program Files (x86)\Microsoft Visual Studio\2019\Community\VC\Tools\MSVC\14.23.28105\include\cmath(46,24): error C3861: “atanhf”: 找不到标识符
C:\Program Files (x86)\Microsoft Visual Studio\2019\Community\VC\Tools\MSVC\14.23.28105\include\cmath(50,18): error C2039: “atan2f”: 不是“`global namespace'”的成员
C:\Program Files (x86)\Microsoft Visual Studio\2019\Community\VC\Tools\MSVC\14.23.28105\include\cmath(50,24): error C3861: “atan2f”: 找不到标识符
C:\Program Files (x86)\Microsoft Visual Studio\2019\Community\VC\Tools\MSVC\14.23.28105\include\cmath(54,18): error C2039: “cbrtf”: 不是“`global namespace'”的成员
C:\Program Files (x86)\Microsoft Visual Studio\2019\Community\VC\Tools\MSVC\14.23.28105\include\cmath(54,23): error C3861: “cbrtf”: 找不到标识符
C:\Program Files (x86)\Microsoft Visual Studio\2019\Community\VC\Tools\MSVC\14.23.28105\include\cmath(58,18): error C2039: “ceilf”: 不是“`global namespace'”的成员
C:\Program Files (x86)\Microsoft Visual Studio\2019\Community\VC\Tools\MSVC\14.23.28105\include\cmath(58,23): error C3861: “ceilf”: 找不到标识符
C:\Program Files (x86)\Microsoft Visual Studio\2019\Community\VC\Tools\MSVC\14.23.28105\include\cmath(62,18): error C2039: “copysignf”: 不是“`global namespace'”的成员
C:\Program Files (x86)\Microsoft Visual Studio\2019\Community\VC\Tools\MSVC\14.23.28105\include\cmath(62,27): error C3861: “copysignf”: 找不到标识符
C:\Program Files (x86)\Microsoft Visual Studio\2019\Community\VC\Tools\MSVC\14.23.28105\include\cmath(66,18): error C2039: “cosf”: 不是“`global namespace'”的成员
C:\Program Files (x86)\Microsoft Visual Studio\2019\Community\VC\Tools\MSVC\14.23.28105\include\cmath(66,22): error C3861: “cosf”: 找不到标识符
C:\Program Files (x86)\Microsoft Visual Studio\2019\Community\VC\Tools\MSVC\14.23.28105\include\cmath(70,18): error C2039: “coshf”: 不是“`global namespace'”的成员
C:\Program Files (x86)\Microsoft Visual Studio\2019\Community\VC\Tools\MSVC\14.23.28105\include\cmath(70,23): error C3861: “coshf”: 找不到标识符
C:\Program Files (x86)\Microsoft Visual Studio\2019\Community\VC\Tools\MSVC\14.23.28105\include\cmath(74,18): error C2039: “erff”: 不是“`global namespace'”的成员
C:\Program Files (x86)\Microsoft Visual Studio\2019\Community\VC\Tools\MSVC\14.23.28105\include\cmath(74,22): error C3861: “erff”: 找不到标识符
C:\Program Files (x86)\Microsoft Visual Studio\2019\Community\VC\Tools\MSVC\14.23.28105\include\cmath(78,18): error C2039: “erfcf”: 不是“`global namespace'”的成员
C:\Program Files (x86)\Microsoft Visual Studio\2019\Community\VC\Tools\MSVC\14.23.28105\include\cmath(78,23): error C3861: “erfcf”: 找不到标识符
C:\Program Files (x86)\Microsoft Visual Studio\2019\Community\VC\Tools\MSVC\14.23.28105\include\cmath(82,18): error C2039: “expf”: 不是“`global namespace'”的成员
C:\Program Files (x86)\Microsoft Visual Studio\2019\Community\VC\Tools\MSVC\14.23.28105\include\cmath(82,22): error C3861: “expf”: 找不到标识符
C:\Program Files (x86)\Microsoft Visual Studio\2019\Community\VC\Tools\MSVC\14.23.28105\include\cmath(86,18): error C2039: “exp2f”: 不是“`global namespace'”的成员
C:\Program Files (x86)\Microsoft Visual Studio\2019\Community\VC\Tools\MSVC\14.23.28105\include\cmath(86,23): error C3861: “exp2f”: 找不到标识符
C:\Program Files (x86)\Microsoft Visual Studio\2019\Community\VC\Tools\MSVC\14.23.28105\include\cmath(90,18): error C2039: “expm1f”: 不是“`global namespace'”的成员
C:\Program Files (x86)\Microsoft Visual Studio\2019\Community\VC\Tools\MSVC\14.23.28105\include\cmath(90,24): error C3861: “expm1f”: 找不到标识符
C:\Program Files (x86)\Microsoft Visual Studio\2019\Community\VC\Tools\MSVC\14.23.28105\include\cmath(94,18): error C2039: “fabsf”: 不是“`global namespace'”的成员
C:\Program Files (x86)\Microsoft Visual Studio\2019\Community\VC\Tools\MSVC\14.23.28105\include\cmath(94,23): error C3861: “fabsf”: 找不到标识符
C:\Program Files (x86)\Microsoft Visual Studio\2019\Community\VC\Tools\MSVC\14.23.28105\include\cmath(98,18): error C2039: “fdimf”: 不是“`global namespace'”的成员
C:\Program Files (x86)\Microsoft Visual Studio\2019\Community\VC\Tools\MSVC\14.23.28105\include\cmath(98,23): error C3861: “fdimf”: 找不到标识符
C:\Program Files (x86)\Microsoft Visual Studio\2019\Community\VC\Tools\MSVC\14.23.28105\include\cmath(102,18): error C2039: “floorf”: 不是“`global namespace'”的成员
C:\Program Files (x86)\Microsoft Visual Studio\2019\Community\VC\Tools\MSVC\14.23.28105\include\cmath(102,24): error C3861: “floorf”: 找不到标识符
C:\Program Files (x86)\Microsoft Visual Studio\2019\Community\VC\Tools\MSVC\14.23.28105\include\cmath(106,18): error C2039: “fmaf”: 不是“`global namespace'”的成员
C:\Program Files (x86)\Microsoft Visual Studio\2019\Community\VC\Tools\MSVC\14.23.28105\include\cmath(106,22): error C3861: “fmaf”: 找不到标识符
C:\Program Files (x86)\Microsoft Visual Studio\2019\Community\VC\Tools\MSVC\14.23.28105\include\cmath(110,18): error C2039: “fmaxf”: 不是“`global namespace'”的成员
C:\Program Files (x86)\Microsoft Visual Studio\2019\Community\VC\Tools\MSVC\14.23.28105\include\cmath(110,23): error C3861: “fmaxf”: 找不到标识符
C:\Program Files (x86)\Microsoft Visual Studio\2019\Community\VC\Tools\MSVC\14.23.28105\include\cmath(114,18): error C2039: “fminf”: 不是“`global namespace'”的成员
C:\Program Files (x86)\Microsoft Visual Studio\2019\Community\VC\Tools\MSVC\14.23.28105\include\cmath(114,23): error C3861: “fminf”: 找不到标识符
C:\Program Files (x86)\Microsoft Visual Studio\2019\Community\VC\Tools\MSVC\14.23.28105\include\cmath(118,18): error C2039: “fmodf”: 不是“`global namespace'”的成员
C:\Program Files (x86)\Microsoft Visual Studio\2019\Community\VC\Tools\MSVC\14.23.28105\include\cmath(118,23): error C3861: “fmodf”: 找不到标识符
C:\Program Files (x86)\Microsoft Visual Studio\2019\Community\VC\Tools\MSVC\14.23.28105\include\cmath(122,18): error C2039: “frexpf”: 不是“`global namespace'”的成员
C:\Program Files (x86)\Microsoft Visual Studio\2019\Community\VC\Tools\MSVC\14.23.28105\include\cmath(122,24): error C3861: “frexpf”: 找不到标识符
C:\Program Files (x86)\Microsoft Visual Studio\2019\Community\VC\Tools\MSVC\14.23.28105\include\cmath(126,18): error C2039: “hypotf”: 不是“`global namespace'”的成员
C:\Program Files (x86)\Microsoft Visual Studio\2019\Community\VC\Tools\MSVC\14.23.28105\include\cmath(126,24): error C3861: “hypotf”: 找不到标识符
C:\Program Files (x86)\Microsoft Visual Studio\2019\Community\VC\Tools\MSVC\14.23.28105\include\cmath(130,18): error C2039: “ilogbf”: 不是“`global namespace'”的成员
C:\Program Files (x86)\Microsoft Visual Studio\2019\Community\VC\Tools\MSVC\14.23.28105\include\cmath(130,24): error C3861: “ilogbf”: 找不到标识符
C:\Program Files (x86)\Microsoft Visual Studio\2019\Community\VC\Tools\MSVC\14.23.28105\include\cmath(134,18): error C2039: “ldexpf”: 不是“`global namespace'”的成员
C:\Program Files (x86)\Microsoft Visual Studio\2019\Community\VC\Tools\MSVC\14.23.28105\include\cmath(134,24): error C3861: “ldexpf”: 找不到标识符
C:\Program Files (x86)\Microsoft Visual Studio\2019\Community\VC\Tools\MSVC\14.23.28105\include\cmath(138,18): error C2039: “lgammaf”: 不是“`global namespace'”的成员
C:\Program Files (x86)\Microsoft Visual Studio\2019\Community\VC\Tools\MSVC\14.23.28105\include\cmath(138,25): error C3861: “lgammaf”: 找不到标识符
C:\Program Files (x86)\Microsoft Visual Studio\2019\Community\VC\Tools\MSVC\14.23.28105\include\cmath(142,18): error C2039: “llrintf”: 不是“`global namespace'”的成员
C:\Program Files (x86)\Microsoft Visual Studio\2019\Community\VC\Tools\MSVC\14.23.28105\include\cmath(142,25): error C3861: “llrintf”: 找不到标识符
C:\Program Files (x86)\Microsoft Visual Studio\2019\Community\VC\Tools\MSVC\14.23.28105\include\cmath(146,18): error C2039: “llroundf”: 不是“`global namespace'”的成员
C:\Program Files (x86)\Microsoft Visual Studio\2019\Community\VC\Tools\MSVC\14.23.28105\include\cmath(146,26): error C3861: “llroundf”: 找不到标识符
C:\Program Files (x86)\Microsoft Visual Studio\2019\Community\VC\Tools\MSVC\14.23.28105\include\cmath(150,18): error C2039: “logf”: 不是“`global namespace'”的成员
C:\Program Files (x86)\Microsoft Visual Studio\2019\Community\VC\Tools\MSVC\14.23.28105\include\cmath(150,22): error C3861: “logf”: 找不到标识符
C:\Program Files (x86)\Microsoft Visual Studio\2019\Community\VC\Tools\MSVC\14.23.28105\include\cmath(154,18): error C2039: “log10f”: 不是“`global namespace'”的成员
C:\Program Files (x86)\Microsoft Visual Studio\2019\Community\VC\Tools\MSVC\14.23.28105\include\cmath(154,24): error C3861: “log10f”: 找不到标识符
C:\Program Files (x86)\Microsoft Visual Studio\2019\Community\VC\Tools\MSVC\14.23.28105\include\cmath(158,18): error C2039: “log1pf”: 不是“`global namespace'”的成员
C:\Program Files (x86)\Microsoft Visual Studio\2019\Community\VC\Tools\MSVC\14.23.28105\include\cmath(158,24): error C3861: “log1pf”: 找不到标识符
C:\Program Files (x86)\Microsoft Visual Studio\2019\Community\VC\Tools\MSVC\14.23.28105\include\cmath(162,18): error C2039: “log2f”: 不是“`global namespace'”的成员
C:\Program Files (x86)\Microsoft Visual Studio\2019\Community\VC\Tools\MSVC\14.23.28105\include\cmath(162,23): error C3861: “log2f”: 找不到标识符
C:\Program Files (x86)\Microsoft Visual Studio\2019\Community\VC\Tools\MSVC\14.23.28105\include\cmath(166,18): error C2039: “logbf”: 不是“`global namespace'”的成员
C:\Program Files (x86)\Microsoft Visual Studio\2019\Community\VC\Tools\MSVC\14.23.28105\include\cmath(166,23): error C3861: “logbf”: 找不到标识符
C:\Program Files (x86)\Microsoft Visual Studio\2019\Community\VC\Tools\MSVC\14.23.28105\include\cmath(170,18): error C2039: “lrintf”: 不是“`global namespace'”的成员
C:\Program Files (x86)\Microsoft Visual Studio\2019\Community\VC\Tools\MSVC\14.23.28105\include\cmath(170,24): error C3861: “lrintf”: 找不到标识符
C:\Program Files (x86)\Microsoft Visual Studio\2019\Community\VC\Tools\MSVC\14.23.28105\include\cmath(174,18): error C2039: “lroundf”: 不是“`global namespace'”的成员
C:\Program Files (x86)\Microsoft Visual Studio\2019\Community\VC\Tools\MSVC\14.23.28105\include\cmath(174,25): error C3861: “lroundf”: 找不到标识符
C:\Program Files (x86)\Microsoft Visual Studio\2019\Community\VC\Tools\MSVC\14.23.28105\include\cmath(178,18): error C2039: “modff”: 不是“`global namespace'”的成员
C:\Program Files (x86)\Microsoft Visual Studio\2019\Community\VC\Tools\MSVC\14.23.28105\include\cmath(178,23): error C3861: “modff”: 找不到标识符
C:\Program Files (x86)\Microsoft Visual Studio\2019\Community\VC\Tools\MSVC\14.23.28105\include\cmath(182,18): error C2039: “nearbyintf”: 不是“`global namespace'”的成员
C:\Program Files (x86)\Microsoft Visual Studio\2019\Community\VC\Tools\MSVC\14.23.28105\include\cmath(182,28): error C3861: “nearbyintf”: 找不到标识符
C:\Program Files (x86)\Microsoft Visual Studio\2019\Community\VC\Tools\MSVC\14.23.28105\include\cmath(186,18): error C2039: “nextafterf”: 不是“`global namespace'”的成员
C:\Program Files (x86)\Microsoft Visual Studio\2019\Community\VC\Tools\MSVC\14.23.28105\include\cmath(186,28): error C3861: “nextafterf”: 找不到标识符
C:\Program Files (x86)\Microsoft Visual Studio\2019\Community\VC\Tools\MSVC\14.23.28105\include\cmath(190,18): error C2039: “nexttowardf”: 不是“`global namespace'”的成员
C:\Program Files (x86)\Microsoft Visual Studio\2019\Community\VC\Tools\MSVC\14.23.28105\include\cmath(190,29): error C3861: “nexttowardf”: 找不到标识符
C:\Program Files (x86)\Microsoft Visual Studio\2019\Community\VC\Tools\MSVC\14.23.28105\include\cmath(194,18): error C2039: “powf”: 不是“`global namespace'”的成员
C:\Program Files (x86)\Microsoft Visual Studio\2019\Community\VC\Tools\MSVC\14.23.28105\include\cmath(194,22): error C3861: “powf”: 找不到标识符
C:\Program Files (x86)\Microsoft Visual Studio\2019\Community\VC\Tools\MSVC\14.23.28105\include\cmath(202,18): error C2039: “powf”: 不是“`global namespace'”的成员
C:\Program Files (x86)\Microsoft Visual Studio\2019\Community\VC\Tools\MSVC\14.23.28105\include\cmath(202,22): error C3861: “powf”: 找不到标识符
C:\Program Files (x86)\Microsoft Visual Studio\2019\Community\VC\Tools\MSVC\14.23.28105\include\cmath(206,18): error C2039: “remainderf”: 不是“`global namespace'”的成员
C:\Program Files (x86)\Microsoft Visual Studio\2019\Community\VC\Tools\MSVC\14.23.28105\include\cmath(206,28): error C3861: “remainderf”: 找不到标识符
C:\Program Files (x86)\Microsoft Visual Studio\2019\Community\VC\Tools\MSVC\14.23.28105\include\cmath(210,18): error C2039: “remquof”: 不是“`global namespace'”的成员
C:\Program Files (x86)\Microsoft Visual Studio\2019\Community\VC\Tools\MSVC\14.23.28105\include\cmath(210,25): error C3861: “remquof”: 找不到标识符
  Camera.cpp
C:\Program Files (x86)\Microsoft Visual Studio\2019\Community\VC\Tools\MSVC\14.23.28105\include\cmath(210,39): fatal error C1003: 错误计数超过 100；正在停止编译
D:\homework\vrlab\opengllab\math.h(20,2): error C2011: “CVertex”:“class”类型重定义
D:\homework\vrlab\opengllab\math.h(19): message : 参见“CVertex”的声明
D:\homework\vrlab\opengllab\math.h(43,2): error C2011: “CMatrix44”:“class”类型重定义
D:\homework\vrlab\opengllab\math.h(42): message : 参见“CMatrix44”的声明
D:\homework\vrlab\opengllab\vector.h(9,18): error C3861: “sqrt”: 找不到标识符
D:\homework\vrlab\opengllab\Camera.cpp(157,26): error C3861: “cos”: 找不到标识符
  Frustum.cpp
D:\homework\vrlab\opengllab\Camera.cpp(158,26): error C3861: “sin”: 找不到标识符
D:\homework\vrlab\opengllab\math.h(20,2): error C2011: “CVertex”:“class”类型重定义
D:\homework\vrlab\opengllab\math.h(19): message : 参见“CVertex”的声明
D:\homework\vrlab\opengllab\math.h(43,2): error C2011: “CMatrix44”:“class”类型重定义
D:\homework\vrlab\opengllab\math.h(42): message : 参见“CMatrix44”的声明
D:\homework\vrlab\opengllab\vector.h(9,18): error C3861: “sqrt”: 找不到标识符
D:\homework\vrlab\opengllab\Frustum.cpp(35,27): error C3861: “sqrt”: 找不到标识符
D:\homework\vrlab\opengllab\Frustum.cpp(311,31): error C3861: “cos”: 找不到标识符
D:\homework\vrlab\opengllab\Frustum.cpp(459,9): error C3861: “fabs”: 找不到标识符
D:\homework\vrlab\opengllab\Frustum.cpp(460,9): error C3861: “fabs”: 找不到标识符
D:\homework\vrlab\opengllab\Frustum.cpp(461,9): error C3861: “fabs”: 找不到标识符
D:\homework\vrlab\opengllab\Frustum.cpp(534,9): error C3861: “fabs”: 找不到标识符
D:\homework\vrlab\opengllab\Frustum.cpp(535,9): error C3861: “fabs”: 找不到标识符
  GameWnd.cpp
D:\homework\vrlab\opengllab\Frustum.cpp(536,9): error C3861: “fabs”: 找不到标识符
D:\homework\vrlab\opengllab\math.h(20,2): error C2011: “CVertex”:“class”类型重定义
D:\homework\vrlab\opengllab\math.h(19): message : 参见“CVertex”的声明
D:\homework\vrlab\opengllab\math.h(43,2): error C2011: “CMatrix44”:“class”类型重定义
D:\homework\vrlab\opengllab\math.h(42): message : 参见“CMatrix44”的声明
D:\homework\vrlab\opengllab\vector.h(9,18): error C3861: “sqrt”: 找不到标识符
C:\Program Files (x86)\Microsoft Visual Studio\2019\Community\VC\Tools\MSVC\14.23.28105\include\cstdlib(20,18): error C2039: “fabs”: 不是“`global namespace'”的成员
C:\Program Files (x86)\Microsoft Visual Studio\2019\Community\VC\Tools\MSVC\14.23.28105\include\cstdlib(20,22): error C3861: “fabs”: 找不到标识符
C:\Program Files (x86)\Microsoft Visual Studio\2019\Community\VC\Tools\MSVC\14.23.28105\include\cstdlib(24,18): error C2039: “fabsf”: 不是“`global namespace'”的成员
C:\Program Files (x86)\Microsoft Visual Studio\2019\Community\VC\Tools\MSVC\14.23.28105\include\cstdlib(24,23): error C3861: “fabsf”: 找不到标识符
C:\Program Files (x86)\Microsoft Visual Studio\2019\Community\VC\Tools\MSVC\14.23.28105\include\cstdlib(28,18): error C2039: “fabsl”: 不是“`global namespace'”的成员
C:\Program Files (x86)\Microsoft Visual Studio\2019\Community\VC\Tools\MSVC\14.23.28105\include\cstdlib(28,23): error C3861: “fabsl”: 找不到标识符
  main.cpp
D:\homework\vrlab\opengllab\GameWnd.cpp(205,3): warning C4838: 从“int”转换到“BYTE”需要收缩转换
D:\homework\vrlab\opengllab\math.h(20,2): error C2011: “CVertex”:“class”类型重定义
D:\homework\vrlab\opengllab\math.h(19): message : 参见“CVertex”的声明
D:\homework\vrlab\opengllab\math.h(43,2): error C2011: “CMatrix44”:“class”类型重定义
D:\homework\vrlab\opengllab\math.h(42): message : 参见“CMatrix44”的声明
D:\homework\vrlab\opengllab\vector.h(9,18): error C3861: “sqrt”: 找不到标识符
C:\Program Files (x86)\Microsoft Visual Studio\2019\Community\VC\Tools\MSVC\14.23.28105\include\cstdlib(20,18): error C2039: “fabs”: 不是“`global namespace'”的成员
C:\Program Files (x86)\Microsoft Visual Studio\2019\Community\VC\Tools\MSVC\14.23.28105\include\cstdlib(20,22): error C3861: “fabs”: 找不到标识符
C:\Program Files (x86)\Microsoft Visual Studio\2019\Community\VC\Tools\MSVC\14.23.28105\include\cstdlib(24,18): error C2039: “fabsf”: 不是“`global namespace'”的成员
C:\Program Files (x86)\Microsoft Visual Studio\2019\Community\VC\Tools\MSVC\14.23.28105\include\cstdlib(24,23): error C3861: “fabsf”: 找不到标识符
C:\Program Files (x86)\Microsoft Visual Studio\2019\Community\VC\Tools\MSVC\14.23.28105\include\cstdlib(28,18): error C2039: “fabsl”: 不是“`global namespace'”的成员
  Math.cpp
C:\Program Files (x86)\Microsoft Visual Studio\2019\Community\VC\Tools\MSVC\14.23.28105\include\cstdlib(28,23): error C3861: “fabsl”: 找不到标识符
D:\homework\vrlab\opengllab\math.h(20,2): error C2011: “CVertex”:“class”类型重定义
D:\homework\vrlab\opengllab\math.h(19): message : 参见“CVertex”的声明
D:\homework\vrlab\opengllab\math.h(43,2): error C2011: “CMatrix44”:“class”类型重定义
D:\homework\vrlab\opengllab\math.h(42): message : 参见“CMatrix44”的声明
D:\homework\vrlab\opengllab\vector.h(9,18): error C3861: “sqrt”: 找不到标识符
D:\homework\vrlab\opengllab\Math.cpp(73,2): error C2027: 使用了未定义类型“CVertex”
D:\homework\vrlab\opengllab\math.h(19): message : 参见“CVertex”的声明
D:\homework\vrlab\opengllab\Math.cpp(74,2): error C4430: 缺少类型说明符 - 假定为 int。注意: C++ 不支持默认 int
D:\homework\vrlab\opengllab\Math.cpp(75,2): error C2065: “vertex”: 未声明的标识符
D:\homework\vrlab\opengllab\Math.cpp(76,2): error C2065: “vertex”: 未声明的标识符
D:\homework\vrlab\opengllab\Math.cpp(77,2): error C2065: “vertex”: 未声明的标识符
D:\homework\vrlab\opengllab\Math.cpp(78,2): warning C4508: “{ctor}”: 函数应返回一个值；假定“void”返回类型
D:\homework\vrlab\opengllab\Math.cpp(87,2): error C2027: 使用了未定义类型“CVertex”
D:\homework\vrlab\opengllab\math.h(19): message : 参见“CVertex”的声明
D:\homework\vrlab\opengllab\Math.cpp(88,16): error C2065: “vertex”: 未声明的标识符
D:\homework\vrlab\opengllab\Math.cpp(98,2): error C2027: 使用了未定义类型“CVertex”
D:\homework\vrlab\opengllab\math.h(19): message : 参见“CVertex”的声明
D:\homework\vrlab\opengllab\Math.cpp(99,2): error C2027: 使用了未定义类型“CVertex”
D:\homework\vrlab\opengllab\math.h(19): message : 参见“CVertex”的声明
D:\homework\vrlab\opengllab\Math.cpp(100,33): error C2079: “result”使用未定义的 class“CVertex”
D:\homework\vrlab\opengllab\Math.cpp(100,34): error C2440: “初始化”: 无法从“initializer list”转换为“int”
D:\homework\vrlab\opengllab\Math.cpp(100,16): message : 初始值设定项包含过多元素
D:\homework\vrlab\opengllab\Math.cpp(102,20): error C2065: “vertex”: 未声明的标识符
D:\homework\vrlab\opengllab\Math.cpp(102,33): error C2027: 使用了未定义类型“CVertex”
D:\homework\vrlab\opengllab\math.h(19): message : 参见“CVertex”的声明
D:\homework\vrlab\opengllab\Math.cpp(103,20): error C2065: “vertex”: 未声明的标识符
D:\homework\vrlab\opengllab\Math.cpp(103,33): error C2027: 使用了未定义类型“CVertex”
D:\homework\vrlab\opengllab\math.h(19): message : 参见“CVertex”的声明
D:\homework\vrlab\opengllab\Math.cpp(104,20): error C2065: “vertex”: 未声明的标识符
D:\homework\vrlab\opengllab\Math.cpp(104,33): error C2027: 使用了未定义类型“CVertex”
D:\homework\vrlab\opengllab\math.h(19): message : 参见“CVertex”的声明
D:\homework\vrlab\opengllab\Math.cpp(117,2): error C2027: 使用了未定义类型“CVertex”
D:\homework\vrlab\opengllab\math.h(19): message : 参见“CVertex”的声明
D:\homework\vrlab\opengllab\Math.cpp(118,2): error C2027: 使用了未定义类型“CVertex”
D:\homework\vrlab\opengllab\math.h(19): message : 参见“CVertex”的声明
D:\homework\vrlab\opengllab\Math.cpp(119,33): error C2079: “result”使用未定义的 class“CVertex”
D:\homework\vrlab\opengllab\Math.cpp(119,34): error C2440: “初始化”: 无法从“initializer list”转换为“int”
D:\homework\vrlab\opengllab\Math.cpp(119,16): message : 初始值设定项包含过多元素
D:\homework\vrlab\opengllab\Math.cpp(121,20): error C2065: “vertex”: 未声明的标识符
D:\homework\vrlab\opengllab\Math.cpp(121,33): error C2027: 使用了未定义类型“CVertex”
D:\homework\vrlab\opengllab\math.h(19): message : 参见“CVertex”的声明
D:\homework\vrlab\opengllab\Math.cpp(122,20): error C2065: “vertex”: 未声明的标识符
D:\homework\vrlab\opengllab\Math.cpp(122,33): error C2027: 使用了未定义类型“CVertex”
D:\homework\vrlab\opengllab\math.h(19): message : 参见“CVertex”的声明
D:\homework\vrlab\opengllab\Math.cpp(123,20): error C2065: “vertex”: 未声明的标识符
D:\homework\vrlab\opengllab\Math.cpp(123,33): error C2027: 使用了未定义类型“CVertex”
D:\homework\vrlab\opengllab\math.h(19): message : 参见“CVertex”的声明
D:\homework\vrlab\opengllab\Math.cpp(137,2): error C2027: 使用了未定义类型“CVertex”
D:\homework\vrlab\opengllab\math.h(19): message : 参见“CVertex”的声明
D:\homework\vrlab\opengllab\Math.cpp(138,2): error C2027: 使用了未定义类型“CVertex”
D:\homework\vrlab\opengllab\math.h(19): message : 参见“CVertex”的声明
D:\homework\vrlab\opengllab\Math.cpp(139,33): error C2079: “result”使用未定义的 class“CVertex”
D:\homework\vrlab\opengllab\Math.cpp(139,34): error C2440: “初始化”: 无法从“initializer list”转换为“int”
D:\homework\vrlab\opengllab\Math.cpp(139,16): message : 初始值设定项包含过多元素
D:\homework\vrlab\opengllab\Math.cpp(141,20): error C2065: “vertex”: 未声明的标识符
D:\homework\vrlab\opengllab\Math.cpp(142,20): error C2065: “vertex”: 未声明的标识符
D:\homework\vrlab\opengllab\Math.cpp(143,20): error C2065: “vertex”: 未声明的标识符
D:\homework\vrlab\opengllab\Math.cpp(155,2): error C2027: 使用了未定义类型“CVertex”
D:\homework\vrlab\opengllab\math.h(19): message : 参见“CVertex”的声明
D:\homework\vrlab\opengllab\Math.cpp(156,2): error C2027: 使用了未定义类型“CVertex”
D:\homework\vrlab\opengllab\math.h(19): message : 参见“CVertex”的声明
D:\homework\vrlab\opengllab\Math.cpp(157,33): error C2079: “result”使用未定义的 class“CVertex”
D:\homework\vrlab\opengllab\Math.cpp(157,34): error C2440: “初始化”: 无法从“initializer list”转换为“int”
D:\homework\vrlab\opengllab\Math.cpp(157,16): message : 初始值设定项包含过多元素
D:\homework\vrlab\opengllab\Math.cpp(159,20): error C2065: “vertex”: 未声明的标识符
D:\homework\vrlab\opengllab\Math.cpp(159,33): error C2027: 使用了未定义类型“CVertex”
D:\homework\vrlab\opengllab\math.h(19): message : 参见“CVertex”的声明
D:\homework\vrlab\opengllab\Math.cpp(160,20): error C2065: “vertex”: 未声明的标识符
D:\homework\vrlab\opengllab\Math.cpp(160,33): error C2027: 使用了未定义类型“CVertex”
D:\homework\vrlab\opengllab\math.h(19): message : 参见“CVertex”的声明
D:\homework\vrlab\opengllab\Math.cpp(161,20): error C2065: “vertex”: 未声明的标识符
D:\homework\vrlab\opengllab\Math.cpp(161,33): error C2027: 使用了未定义类型“CVertex”
D:\homework\vrlab\opengllab\math.h(19): message : 参见“CVertex”的声明
D:\homework\vrlab\opengllab\Math.cpp(173,2): error C2027: 使用了未定义类型“CVertex”
D:\homework\vrlab\opengllab\math.h(19): message : 参见“CVertex”的声明
D:\homework\vrlab\opengllab\Math.cpp(174,2): error C2027: 使用了未定义类型“CVertex”
D:\homework\vrlab\opengllab\math.h(19): message : 参见“CVertex”的声明
D:\homework\vrlab\opengllab\Math.cpp(175,33): error C2079: “result”使用未定义的 class“CVertex”
D:\homework\vrlab\opengllab\Math.cpp(175,34): error C2440: “初始化”: 无法从“initializer list”转换为“int”
D:\homework\vrlab\opengllab\Math.cpp(175,16): message : 初始值设定项包含过多元素
D:\homework\vrlab\opengllab\Math.cpp(177,20): error C2065: “vertex”: 未声明的标识符
D:\homework\vrlab\opengllab\Math.cpp(177,33): error C2027: 使用了未定义类型“CVertex”
D:\homework\vrlab\opengllab\math.h(19): message : 参见“CVertex”的声明
D:\homework\vrlab\opengllab\Math.cpp(178,20): error C2065: “vertex”: 未声明的标识符
D:\homework\vrlab\opengllab\Math.cpp(178,33): error C2027: 使用了未定义类型“CVertex”
D:\homework\vrlab\opengllab\math.h(19): message : 参见“CVertex”的声明
D:\homework\vrlab\opengllab\Math.cpp(179,20): error C2065: “vertex”: 未声明的标识符
D:\homework\vrlab\opengllab\Math.cpp(179,33): error C2027: 使用了未定义类型“CVertex”
D:\homework\vrlab\opengllab\math.h(19): message : 参见“CVertex”的声明
D:\homework\vrlab\opengllab\Math.cpp(198,2): error C2027: 使用了未定义类型“CMatrix44”
D:\homework\vrlab\opengllab\math.h(42): message : 参见“CMatrix44”的声明
D:\homework\vrlab\opengllab\Math.cpp(203,3): error C2065: “matrix”: 未声明的标识符
D:\homework\vrlab\opengllab\Math.cpp(219,2): error C2027: 使用了未定义类型“CMatrix44”
D:\homework\vrlab\opengllab\math.h(42): message : 参见“CMatrix44”的声明
D:\homework\vrlab\opengllab\Math.cpp(221,2): error C2065: “matrix”: 未声明的标识符
D:\homework\vrlab\opengllab\Math.cpp(221,19): error C2065: “matrix”: 未声明的标识符
D:\homework\vrlab\opengllab\Math.cpp(221,36): error C2065: “matrix”: 未声明的标识符
D:\homework\vrlab\opengllab\Math.cpp(221,53): error C2065: “matrix”: 未声明的标识符
D:\homework\vrlab\opengllab\Math.cpp(222,2): error C2065: “matrix”: 未声明的标识符
D:\homework\vrlab\opengllab\Math.cpp(222,19): error C2065: “matrix”: 未声明的标识符
D:\homework\vrlab\opengllab\Math.cpp(222,36): error C2065: “matrix”: 未声明的标识符
D:\homework\vrlab\opengllab\Math.cpp(222,53): error C2065: “matrix”: 未声明的标识符
D:\homework\vrlab\opengllab\Math.cpp(223,2): error C2065: “matrix”: 未声明的标识符
D:\homework\vrlab\opengllab\Math.cpp(223,19): error C2065: “matrix”: 未声明的标识符
D:\homework\vrlab\opengllab\Math.cpp(223,36): error C2065: “matrix”: 未声明的标识符
D:\homework\vrlab\opengllab\Math.cpp(223,53): error C2065: “matrix”: 未声明的标识符
D:\homework\vrlab\opengllab\Math.cpp(224,2): error C2065: “matrix”: 未声明的标识符
D:\homework\vrlab\opengllab\Math.cpp(224,19): error C2065: “matrix”: 未声明的标识符
D:\homework\vrlab\opengllab\Math.cpp(224,36): error C2065: “matrix”: 未声明的标识符
D:\homework\vrlab\opengllab\Math.cpp(224,53): error C2065: “matrix”: 未声明的标识符
D:\homework\vrlab\opengllab\Math.cpp(238,2): error C2027: 使用了未定义类型“CMatrix44”
D:\homework\vrlab\opengllab\math.h(42): message : 参见“CMatrix44”的声明
D:\homework\vrlab\opengllab\Math.cpp(239,18): error C2079: “result”使用未定义的 class“CMatrix44”
D:\homework\vrlab\opengllab\Math.cpp(241,22): error C2027: 使用了未定义类型“CMatrix44”
D:\homework\vrlab\opengllab\math.h(42): message : 参见“CMatrix44”的声明
D:\homework\vrlab\opengllab\Math.cpp(241,35): error C2027: 使用了未定义类型“CMatrix44”
D:\homework\vrlab\opengllab\math.h(42): message : 参见“CMatrix44”的声明
D:\homework\vrlab\opengllab\Math.cpp(242,22): error C2027: 使用了未定义类型“CMatrix44”
D:\homework\vrlab\opengllab\math.h(42): message : 参见“CMatrix44”的声明
D:\homework\vrlab\opengllab\Math.cpp(242,35): error C2027: 使用了未定义类型“CMatrix44”
D:\homework\vrlab\opengllab\math.h(42): message : 参见“CMatrix44”的声明
D:\homework\vrlab\opengllab\Math.cpp(243,22): error C2027: 使用了未定义类型“CMatrix44”
D:\homework\vrlab\opengllab\math.h(42): message : 参见“CMatrix44”的声明
D:\homework\vrlab\opengllab\Math.cpp(243,35): error C2027: 使用了未定义类型“CMatrix44”
D:\homework\vrlab\opengllab\math.h(42): message : 参见“CMatrix44”的声明
D:\homework\vrlab\opengllab\Math.cpp(244,22): error C2027: 使用了未定义类型“CMatrix44”
D:\homework\vrlab\opengllab\math.h(42): message : 参见“CMatrix44”的声明
D:\homework\vrlab\opengllab\Math.cpp(244,35): error C2027: 使用了未定义类型“CMatrix44”
D:\homework\vrlab\opengllab\math.h(42): message : 参见“CMatrix44”的声明
D:\homework\vrlab\opengllab\Math.cpp(245,22): error C2027: 使用了未定义类型“CMatrix44”
D:\homework\vrlab\opengllab\math.h(42): message : 参见“CMatrix44”的声明
D:\homework\vrlab\opengllab\Math.cpp(245,35): error C2027: 使用了未定义类型“CMatrix44”
D:\homework\vrlab\opengllab\math.h(42): message : 参见“CMatrix44”的声明
D:\homework\vrlab\opengllab\Math.cpp(246,22): error C2027: 使用了未定义类型“CMatrix44”
D:\homework\vrlab\opengllab\math.h(42): message : 参见“CMatrix44”的声明
D:\homework\vrlab\opengllab\Math.cpp(246,35): error C2027: 使用了未定义类型“CMatrix44”
D:\homework\vrlab\opengllab\math.h(42): message : 参见“CMatrix44”的声明
D:\homework\vrlab\opengllab\Math.cpp(247,22): error C2027: 使用了未定义类型“CMatrix44”
D:\homework\vrlab\opengllab\math.h(42): message : 参见“CMatrix44”的声明
D:\homework\vrlab\opengllab\Math.cpp(247,35): error C2027: 使用了未定义类型“CMatrix44”
D:\homework\vrlab\opengllab\math.h(42): message : 参见“CMatrix44”的声明
D:\homework\vrlab\opengllab\Math.cpp(248,22): error C2027: 使用了未定义类型“CMatrix44”
D:\homework\vrlab\opengllab\math.h(42): message : 参见“CMatrix44”的声明
D:\homework\vrlab\opengllab\Math.cpp(248,35): error C2027: 使用了未定义类型“CMatrix44”
D:\homework\vrlab\opengllab\math.h(42): message : 参见“CMatrix44”的声明
D:\homework\vrlab\opengllab\Math.cpp(249,22): error C2027: 使用了未定义类型“CMatrix44”
D:\homework\vrlab\opengllab\math.h(42): message : 参见“CMatrix44”的声明
D:\homework\vrlab\opengllab\Math.cpp(249,35): error C2027: 使用了未定义类型“CMatrix44”
D:\homework\vrlab\opengllab\math.h(42): message : 参见“CMatrix44”的声明
D:\homework\vrlab\opengllab\Math.cpp(250,22): error C2027: 使用了未定义类型“CMatrix44”
D:\homework\vrlab\opengllab\math.h(42): message : 参见“CMatrix44”的声明
D:\homework\vrlab\opengllab\Math.cpp(250,35): error C2027: 使用了未定义类型“CMatrix44”
D:\homework\vrlab\opengllab\math.h(42): message : 参见“CMatrix44”的声明
D:\homework\vrlab\opengllab\Math.cpp(251,22): error C2027: 使用了未定义类型“CMatrix44”
D:\homework\vrlab\opengllab\math.h(42): message : 参见“CMatrix44”的声明
D:\homework\vrlab\opengllab\Math.cpp(251,36): error C2027: 使用了未定义类型“CMatrix44”
D:\homework\vrlab\opengllab\math.h(42): message : 参见“CMatrix44”的声明
D:\homework\vrlab\opengllab\Math.cpp(252,22): error C2027: 使用了未定义类型“CMatrix44”
D:\homework\vrlab\opengllab\math.h(42): message : 参见“CMatrix44”的声明
D:\homework\vrlab\opengllab\Math.cpp(252,36): error C2027: 使用了未定义类型“CMatrix44”
D:\homework\vrlab\opengllab\math.h(42): message : 参见“CMatrix44”的声明
  Scene.cpp
D:\homework\vrlab\opengllab\Math.cpp(252,36): fatal error C1003: 错误计数超过 100；正在停止编译
D:\homework\vrlab\opengllab\math.h(20,2): error C2011: “CVertex”:“class”类型重定义
D:\homework\vrlab\opengllab\math.h(19): message : 参见“CVertex”的声明
D:\homework\vrlab\opengllab\math.h(43,2): error C2011: “CMatrix44”:“class”类型重定义
D:\homework\vrlab\opengllab\math.h(42): message : 参见“CMatrix44”的声明
D:\homework\vrlab\opengllab\vector.h(9,18): error C3861: “sqrt”: 找不到标识符
C:\Program Files (x86)\Microsoft Visual Studio\2019\Community\VC\Tools\MSVC\14.23.28105\include\cstdlib(20,18): error C2039: “fabs”: 不是“`global namespace'”的成员
C:\Program Files (x86)\Microsoft Visual Studio\2019\Community\VC\Tools\MSVC\14.23.28105\include\cstdlib(20,22): error C3861: “fabs”: 找不到标识符
C:\Program Files (x86)\Microsoft Visual Studio\2019\Community\VC\Tools\MSVC\14.23.28105\include\cstdlib(24,18): error C2039: “fabsf”: 不是“`global namespace'”的成员
C:\Program Files (x86)\Microsoft Visual Studio\2019\Community\VC\Tools\MSVC\14.23.28105\include\cstdlib(24,23): error C3861: “fabsf”: 找不到标识符
C:\Program Files (x86)\Microsoft Visual Studio\2019\Community\VC\Tools\MSVC\14.23.28105\include\cstdlib(28,18): error C2039: “fabsl”: 不是“`global namespace'”的成员
  Texture.cpp
C:\Program Files (x86)\Microsoft Visual Studio\2019\Community\VC\Tools\MSVC\14.23.28105\include\cstdlib(28,23): error C3861: “fabsl”: 找不到标识符
D:\homework\vrlab\opengllab\Texture.cpp(14,1): error C4996: 'fopen': This function or variable may be unsafe. Consider using fopen_s instead. To disable deprecation, use _CRT_SECURE_NO_WARNINGS. See online help for details.
C:\Program Files (x86)\Windows Kits\10\Include\10.0.18362.0\ucrt\stdio.h(208): message : 参见“fopen”的声明
D:\homework\vrlab\opengllab\Texture.cpp(18,1): error C4996: 'sprintf': This function or variable may be unsafe. Consider using sprintf_s instead. To disable deprecation, use _CRT_SECURE_NO_WARNINGS. See online help for details.
C:\Program Files (x86)\Windows Kits\10\Include\10.0.18362.0\ucrt\stdio.h(1774): message : 参见“sprintf”的声明
D:\homework\vrlab\opengllab\Texture.cpp(124,1): error C4996: 'fopen': This function or variable may be unsafe. Consider using fopen_s instead. To disable deprecation, use _CRT_SECURE_NO_WARNINGS. See online help for details.
C:\Program Files (x86)\Windows Kits\10\Include\10.0.18362.0\ucrt\stdio.h(208): message : 参见“fopen”的声明
D:\homework\vrlab\opengllab\Texture.cpp(248,1): error C4996: 'fopen': This function or variable may be unsafe. Consider using fopen_s instead. To disable deprecation, use _CRT_SECURE_NO_WARNINGS. See online help for details.
C:\Program Files (x86)\Windows Kits\10\Include\10.0.18362.0\ucrt\stdio.h(208): message : 参见“fopen”的声明
D:\homework\vrlab\opengllab\Texture.cpp(348,1): error C4996: 'fopen': This function or variable may be unsafe. Consider using fopen_s instead. To disable deprecation, use _CRT_SECURE_NO_WARNINGS. See online help for details.
  vector.cpp
C:\Program Files (x86)\Windows Kits\10\Include\10.0.18362.0\ucrt\stdio.h(208): message : 参见“fopen”的声明
D:\homework\vrlab\opengllab\math.h(20,2): error C2011: “CVertex”:“class”类型重定义
D:\homework\vrlab\opengllab\math.h(19): message : 参见“CVertex”的声明
D:\homework\vrlab\opengllab\math.h(43,2): error C2011: “CMatrix44”:“class”类型重定义
D:\homework\vrlab\opengllab\math.h(42): message : 参见“CMatrix44”的声明
D:\homework\vrlab\opengllab\vector.h(9,18): error C3861: “sqrt”: 找不到标识符
D:\homework\vrlab\opengllab\vector.cpp(43,16): error C3861: “sqrt”: 找不到标识符
  正在生成代码...
D:\homework\vrlab\opengllab\vector.cpp(86,15): error C3861: “sqrt”: 找不到标识符
